[16:44:53] [ServerMain/INFO]: Environment: authHost='https://authserver.mojang.com', accountsHost='https://api.mojang.com', sessionHost='https://sessionserver.mojang.com', servicesHost='https://api.minecraftservices.com', name='PROD'
[16:44:56] [ServerMain/WARN]: Ambiguity between arguments [teleport, location] and [teleport, destination] with inputs: [0.1 -0.5 .9, 0 0 0]
[16:44:56] [ServerMain/WARN]: Ambiguity between arguments [teleport, location] and [teleport, targets] with inputs: [0.1 -0.5 .9, 0 0 0]
[16:44:56] [ServerMain/WARN]: Ambiguity between arguments [teleport, destination] and [teleport, targets] with inputs: [Player, 0123, @e, dd12be42-52a9-4a91-a8a1-11c01849e498]
[16:44:56] [ServerMain/WARN]: Ambiguity between arguments [teleport, targets] and [teleport, destination] with inputs: [Player, 0123, dd12be42-52a9-4a91-a8a1-11c01849e498]
[16:44:56] [ServerMain/WARN]: Ambiguity between arguments [teleport, targets, location] and [teleport, targets, destination] with inputs: [0.1 -0.5 .9, 0 0 0]
[16:44:56] [Worker-Main-6/INFO]: Loaded 7 recipes
[16:44:57] [Worker-Main-6/INFO]: Loaded 1141 advancements
[16:44:58] [Server thread/INFO]: Starting minecraft server version 1.18.2
[16:44:58] [Server thread/INFO]: Loading properties
[16:44:58] [Server thread/INFO]: Default game type: SURVIVAL
[16:44:58] [Server thread/INFO]: Generating keypair
[16:44:59] [Server thread/INFO]: Starting Minecraft server on *:25565
[16:44:59] [Server thread/INFO]: Using epoll channel type
[16:44:59] [Server thread/WARN]: **** SERVER IS RUNNING IN OFFLINE/INSECURE MODE!
[16:44:59] [Server thread/WARN]: The server will make no attempt to authenticate usernames. Beware.
[16:44:59] [Server thread/WARN]: While this makes the game possible to play without internet access, it also opens up the ability for hackers to connect with any username they choose.
[16:44:59] [Server thread/WARN]: To change this, set "online-mode" to "true" in the server.properties file.
[16:44:59] [Server thread/INFO]: Preparing level "world"
[16:44:59] [Server thread/INFO]: Preparing start region for dimension minecraft:overworld
[16:45:01] [Worker-Main-4/INFO]: Preparing spawn area: 0%
[16:45:01] [Worker-Main-5/INFO]: Preparing spawn area: 0%
[16:45:01] [Worker-Main-4/INFO]: Preparing spawn area: 0%
[16:45:01] [Worker-Main-4/INFO]: Preparing spawn area: 0%
[16:45:01] [Worker-Main-5/INFO]: Preparing spawn area: 0%
[16:45:02] [Worker-Main-4/INFO]: Preparing spawn area: 0%
[16:45:02] [Worker-Main-5/INFO]: Preparing spawn area: 0%
[16:45:03] [Worker-Main-4/INFO]: Preparing spawn area: 0%
[16:45:03] [Worker-Main-5/INFO]: Preparing spawn area: 0%
[16:45:04] [Worker-Main-5/INFO]: Preparing spawn area: 0%
[16:45:04] [Worker-Main-4/INFO]: Preparing spawn area: 1%
[16:45:05] [Worker-Main-5/INFO]: Preparing spawn area: 8%
[16:45:05] [Worker-Main-5/INFO]: Preparing spawn area: 18%
[16:45:06] [Worker-Main-4/INFO]: Preparing spawn area: 39%
[16:45:06] [Worker-Main-4/INFO]: Preparing spawn area: 72%
[16:45:07] [Worker-Main-5/INFO]: Preparing spawn area: 77%
[16:45:07] [Worker-Main-5/INFO]: Preparing spawn area: 77%
[16:45:07] [Server thread/INFO]: Time elapsed: 8294 ms
[16:45:07] [Server thread/INFO]: Done (8.450s)! For help, type "help"
